<?xml version="1.0" encoding="UTF-8"?>
<testng-results skipped="0" failed="1" ignored="0" total="16" passed="15">
  <reporter-output>
  </reporter-output>
  <suite name="Default suite" duration-ms="182952" started-at="2021-03-23T19:09:29 IST" finished-at="2021-03-23T19:12:32 IST">
    <groups>
    </groups>
    <test name="Default test" duration-ms="182952" started-at="2021-03-23T19:09:29 IST" finished-at="2021-03-23T19:12:32 IST">
      <class name="platform.api.TenantOnboarding">
        <test-method status="PASS" signature="createUser()[pri:1, instance:platform.api.TenantOnboarding@4d95d2a2]" name="createUser" duration-ms="10384" started-at="2021-03-23T19:09:29 IST" finished-at="2021-03-23T19:09:39 IST">
          <reporter-output>
          </reporter-output>
        </test-method> <!-- createUser -->
        <test-method status="PASS" signature="createAdminApp()[pri:2, instance:platform.api.TenantOnboarding@4d95d2a2]" name="createAdminApp" duration-ms="7248" started-at="2021-03-23T19:09:39 IST" finished-at="2021-03-23T19:09:46 IST">
          <reporter-output>
          </reporter-output>
        </test-method> <!-- createAdminApp -->
        <test-method status="PASS" signature="genereateJWTtoken()[pri:3, instance:platform.api.TenantOnboarding@4d95d2a2]" name="genereateJWTtoken" duration-ms="1970" started-at="2021-03-23T19:09:46 IST" finished-at="2021-03-23T19:09:48 IST">
          <reporter-output>
          </reporter-output>
        </test-method> <!-- genereateJWTtoken -->
        <test-method status="PASS" signature="cloningSmapleBot()[pri:4, instance:platform.api.TenantOnboarding@4d95d2a2]" name="cloningSmapleBot" duration-ms="8363" started-at="2021-03-23T19:09:48 IST" finished-at="2021-03-23T19:09:57 IST">
          <reporter-output>
          </reporter-output>
        </test-method> <!-- cloningSmapleBot -->
        <test-method status="PASS" signature="clonedBotSetup()[pri:5, instance:platform.api.TenantOnboarding@4d95d2a2]" name="clonedBotSetup" duration-ms="7098" started-at="2021-03-23T19:09:57 IST" finished-at="2021-03-23T19:10:04 IST">
          <reporter-output>
          </reporter-output>
        </test-method> <!-- clonedBotSetup -->
        <test-method status="PASS" signature="createbuilderAppnforUB()[pri:6, instance:platform.api.TenantOnboarding@4d95d2a2]" name="createbuilderAppnforUB" duration-ms="7018" started-at="2021-03-23T19:10:04 IST" finished-at="2021-03-23T19:10:11 IST">
          <reporter-output>
          </reporter-output>
        </test-method> <!-- createbuilderAppnforUB -->
        <test-method status="PASS" signature="enableRTMforUBbuilderAPP()[pri:7, instance:platform.api.TenantOnboarding@4d95d2a2]" name="enableRTMforUBbuilderAPP" duration-ms="7018" started-at="2021-03-23T19:10:11 IST" finished-at="2021-03-23T19:10:18 IST">
          <reporter-output>
          </reporter-output>
        </test-method> <!-- enableRTMforUBbuilderAPP -->
        <test-method status="PASS" signature="genereateJWTtokenUB_BuilderApp()[pri:8, instance:platform.api.TenantOnboarding@4d95d2a2]" name="genereateJWTtokenUB_BuilderApp" duration-ms="1586" started-at="2021-03-23T19:10:18 IST" finished-at="2021-03-23T19:10:19 IST">
          <reporter-output>
          </reporter-output>
        </test-method> <!-- genereateJWTtokenUB_BuilderApp -->
        <test-method status="PASS" signature="uploadFile()[pri:9, instance:platform.api.TenantOnboarding@4d95d2a2]" name="uploadFile" duration-ms="51465" started-at="2021-03-23T19:10:19 IST" finished-at="2021-03-23T19:11:11 IST">
          <reporter-output>
          </reporter-output>
        </test-method> <!-- uploadFile -->
        <test-method status="PASS" signature="importBot()[pri:10, instance:platform.api.TenantOnboarding@4d95d2a2]" name="importBot" duration-ms="2182" started-at="2021-03-23T19:11:11 IST" finished-at="2021-03-23T19:11:13 IST">
          <reporter-output>
          </reporter-output>
        </test-method> <!-- importBot -->
        <test-method status="PASS" signature="importBotStatus()[pri:11, instance:platform.api.TenantOnboarding@4d95d2a2]" name="importBotStatus" duration-ms="12001" started-at="2021-03-23T19:11:13 IST" finished-at="2021-03-23T19:11:25 IST">
          <reporter-output>
          </reporter-output>
        </test-method> <!-- importBotStatus -->
        <test-method status="PASS" signature="createbuilderAppNONAdmin()[pri:12, instance:platform.api.TenantOnboarding@4d95d2a2]" name="createbuilderAppNONAdmin" duration-ms="6691" started-at="2021-03-23T19:11:25 IST" finished-at="2021-03-23T19:11:32 IST">
          <reporter-output>
          </reporter-output>
        </test-method> <!-- createbuilderAppNONAdmin -->
        <test-method status="PASS" signature="enableRTM()[pri:13, instance:platform.api.TenantOnboarding@4d95d2a2]" name="enableRTM" duration-ms="7217" started-at="2021-03-23T19:11:32 IST" finished-at="2021-03-23T19:11:39 IST">
          <reporter-output>
          </reporter-output>
        </test-method> <!-- enableRTM -->
        <test-method status="PASS" signature="genereateJWTtokenbuilderapp()[pri:14, instance:platform.api.TenantOnboarding@4d95d2a2]" name="genereateJWTtokenbuilderapp" duration-ms="2341" started-at="2021-03-23T19:11:39 IST" finished-at="2021-03-23T19:11:41 IST">
          <reporter-output>
          </reporter-output>
        </test-method> <!-- genereateJWTtokenbuilderapp -->
        <test-method status="PASS" signature="publishbotStandardBot()[pri:15, instance:platform.api.TenantOnboarding@4d95d2a2]" name="publishbotStandardBot" duration-ms="42869" started-at="2021-03-23T19:11:41 IST" finished-at="2021-03-23T19:12:24 IST">
          <reporter-output>
          </reporter-output>
        </test-method> <!-- publishbotStandardBot -->
        <test-method status="FAIL" signature="linkChildBot()[pri:16, instance:platform.api.TenantOnboarding@4d95d2a2]" name="linkChildBot" duration-ms="7416" started-at="2021-03-23T19:12:24 IST" finished-at="2021-03-23T19:12:32 IST">
          <exception class="java.lang.AssertionError">
            <message>
              <![CDATA[expected [200] but found [400]]]>
            </message>
            <full-stacktrace>
              <![CDATA[java.lang.AssertionError: expected [200] but found [400]
at org.testng.Assert.fail(Assert.java:99)
at org.testng.Assert.failNotEquals(Assert.java:1037)
at org.testng.Assert.assertEqualsImpl(Assert.java:140)
at org.testng.Assert.assertEquals(Assert.java:122)
at org.testng.Assert.assertEquals(Assert.java:629)
at org.testng.Assert.assertEquals(Assert.java:639)
at platform.api.TenantOnboarding.linkChildBot(TenantOnboarding.java:378)
at sun.reflect.NativeMethodAccessorImpl.invoke0(Native Method)
at sun.reflect.NativeMethodAccessorImpl.invoke(NativeMethodAccessorImpl.java:62)
at sun.reflect.DelegatingMethodAccessorImpl.invoke(DelegatingMethodAccessorImpl.java:43)
at java.lang.reflect.Method.invoke(Method.java:498)
at org.testng.internal.MethodInvocationHelper.invokeMethod(MethodInvocationHelper.java:132)
at org.testng.internal.TestInvoker.invokeMethod(TestInvoker.java:599)
at org.testng.internal.TestInvoker.invokeTestMethod(TestInvoker.java:174)
at org.testng.internal.MethodRunner.runInSequence(MethodRunner.java:46)
at org.testng.internal.TestInvoker$MethodInvocationAgent.invoke(TestInvoker.java:822)
at org.testng.internal.TestInvoker.invokeTestMethods(TestInvoker.java:147)
at org.testng.internal.TestMethodWorker.invokeTestMethods(TestMethodWorker.java:146)
at org.testng.internal.TestMethodWorker.run(TestMethodWorker.java:128)
at java.util.ArrayList.forEach(ArrayList.java:1259)
at org.testng.TestRunner.privateRun(TestRunner.java:764)
at org.testng.TestRunner.run(TestRunner.java:585)
at org.testng.SuiteRunner.runTest(SuiteRunner.java:384)
at org.testng.SuiteRunner.runSequentially(SuiteRunner.java:378)
at org.testng.SuiteRunner.privateRun(SuiteRunner.java:337)
at org.testng.SuiteRunner.run(SuiteRunner.java:286)
at org.testng.SuiteRunnerWorker.runSuite(SuiteRunnerWorker.java:53)
at org.testng.SuiteRunnerWorker.run(SuiteRunnerWorker.java:96)
at org.testng.TestNG.runSuitesSequentially(TestNG.java:1218)
at org.testng.TestNG.runSuitesLocally(TestNG.java:1140)
at org.testng.TestNG.runSuites(TestNG.java:1069)
at org.testng.TestNG.run(TestNG.java:1037)
at org.testng.remote.AbstractRemoteTestNG.run(AbstractRemoteTestNG.java:115)
at org.testng.remote.RemoteTestNG.initAndRun(RemoteTestNG.java:251)
at org.testng.remote.RemoteTestNG.main(RemoteTestNG.java:77)
]]>
            </full-stacktrace>
          </exception> <!-- java.lang.AssertionError -->
          <reporter-output>
          </reporter-output>
        </test-method> <!-- linkChildBot -->
      </class> <!-- platform.api.TenantOnboarding -->
    </test> <!-- Default test -->
  </suite> <!-- Default suite -->
</testng-results>
